<?xml version="1.0" encoding="UTF-8"?>
<testng-results ignored="0" total="1" passed="1" failed="0" skipped="0">
  <reporter-output>
  </reporter-output>
  <suite started-at="2024-02-02T14:04:25 CST" name="Default suite" finished-at="2024-02-02T14:04:32 CST" duration-ms="7123">
    <groups>
      <group name="cucumber">
        <method signature="AbstractTestNGCucumberTests.runScenario(io.cucumber.testng.PickleWrapper,io.cucumber.testng.FeatureWrapper)[pri:0, instance:runner.TestRunner@14cd1699]" name="runScenario" class="io.cucumber.testng.AbstractTestNGCucumberTests"/>
      </group> <!-- cucumber -->
    </groups>
    <test started-at="2024-02-02T14:04:25 CST" name="Default test" finished-at="2024-02-02T14:04:32 CST" duration-ms="7123">
      <class name="runner.TestRunner">
        <test-method is-config="true" signature="setUpClass(org.testng.ITestContext)[pri:0, instance:runner.TestRunner@14cd1699]" started-at="2024-02-02T14:04:25 CST" name="setUpClass" finished-at="2024-02-02T14:04:25 CST" duration-ms="643" status="PASS">
          <params>
            <param index="0">
              <value>
                <![CDATA[org.testng.TestRunner@5778826f]]>
              </value>
            </param>
          </params>
          <reporter-output>
          </reporter-output>
        </test-method> <!-- setUpClass -->
        <test-method signature="runScenario(io.cucumber.testng.PickleWrapper,io.cucumber.testng.FeatureWrapper)[pri:0, instance:runner.TestRunner@14cd1699]" started-at="2024-02-02T14:04:25 CST" name="runScenario" description="Runs Cucumber Scenarios" data-provider="scenarios" finished-at="2024-02-02T14:04:32 CST" duration-ms="6309" status="PASS">
          <params>
            <param index="0">
              <value>
                <![CDATA["Home Page default login"]]>
              </value>
            </param>
            <param index="1">
              <value>
                <![CDATA["Login to Juice Shop application"]]>
              </value>
            </param>
          </params>
          <reporter-output>
          </reporter-output>
        </test-method> <!-- runScenario -->
        <test-method is-config="true" signature="tearDownClass()[pri:0, instance:runner.TestRunner@14cd1699]" started-at="2024-02-02T14:04:32 CST" name="tearDownClass" finished-at="2024-02-02T14:04:32 CST" duration-ms="99" status="PASS">
          <reporter-output>
          </reporter-output>
        </test-method> <!-- tearDownClass -->
      </class> <!-- runner.TestRunner -->
    </test> <!-- Default test -->
  </suite> <!-- Default suite -->
</testng-results>
